<?xml version="1.0" encoding="UTF-8"?>
<Site BuildName="(empty)"
	BuildStamp="20250527-1024-Experimental"
	Name="dikmene-vmware-ros"
	Generator="ctest-3.28.3"
	CompilerName="/usr/bin/g++"
	CompilerVersion="13.3.0"
	OSName="Linux"
	Hostname="dikmene-vmware-ros"
	OSRelease="6.11.0-26-generic"
	OSVersion="#26~24.04.1-Ubuntu SMP PREEMPT_DYNAMIC Thu Apr 17 19:20:47 UTC 2"
	OSPlatform="x86_64"
	Is64Bits="1"
	VendorString="AuthenticAMD"
	VendorID="Advanced Micro Devices"
	FamilyID="25"
	ModelID="33"
	ProcessorCacheSize="512"
	NumberOfLogicalCPU="2"
	NumberOfPhysicalCPU="2"
	TotalVirtualMemory="3740"
	TotalPhysicalMemory="3866"
	LogicalProcessorsPerPhysical="1"
	ProcessorClockFrequency="3493.48"
	>
	<Testing>
		<StartDateTime>May 27 10:29 UTC</StartDateTime>
		<StartTestTime>1748341783</StartTestTime>
		<TestList/>
		<EndDateTime>May 27 10:29 UTC</EndDateTime>
		<EndTestTime>1748341783</EndTestTime>
		<ElapsedMinutes>0</ElapsedMinutes>
	</Testing>
</Site>
